<?xml version="1.0" encoding="UTF-8"?>
<coverage generated="1687258514550" clover="3.2.0">
  <project timestamp="1687258514551" name="All files">
    <metrics statements="142" coveredstatements="140" conditionals="97" coveredconditionals="88" methods="19" coveredmethods="19" elements="258" coveredelements="247" complexity="0" loc="142" ncloc="142" packages="2" files="6" classes="6"/>
    <package name="src">
      <metrics statements="64" coveredstatements="64" conditionals="46" coveredconditionals="43" methods="11" coveredmethods="11"/>
      <file name="index.js" path="/Users/user/Documents/frontend/проекты-хекслет/frontend-project-46/src/index.js">
        <metrics statements="60" coveredstatements="60" conditionals="46" coveredconditionals="43" methods="8" coveredmethods="8"/>
        <line num="8" count="78" type="stmt"/>
        <line num="10" count="78" type="stmt"/>
        <line num="12" count="222" type="stmt"/>
        <line num="13" count="222" type="stmt"/>
        <line num="14" count="222" type="cond" truecount="2" falsecount="0"/>
        <line num="15" count="120" type="stmt"/>
        <line num="17" count="102" type="cond" truecount="2" falsecount="0"/>
        <line num="18" count="72" type="stmt"/>
        <line num="20" count="30" type="stmt"/>
        <line num="23" count="222" type="stmt"/>
        <line num="24" count="222" type="cond" truecount="4" falsecount="0"/>
        <line num="25" count="66" type="stmt"/>
        <line num="26" count="66" type="stmt"/>
        <line num="29" count="78" type="stmt"/>
        <line num="33" count="36" type="stmt"/>
        <line num="34" count="36" type="stmt"/>
        <line num="36" count="36" type="stmt"/>
        <line num="37" count="102" type="stmt"/>
        <line num="38" count="102" type="stmt"/>
        <line num="39" count="102" type="cond" truecount="2" falsecount="0"/>
        <line num="40" count="102" type="cond" truecount="2" falsecount="0"/>
        <line num="43" count="102" type="cond" truecount="7" falsecount="0"/>
        <line num="44" count="12" type="stmt"/>
        <line num="45" count="12" type="stmt"/>
        <line num="46" count="12" type="stmt"/>
        <line num="50" count="90" type="cond" truecount="4" falsecount="0"/>
        <line num="51" count="24" type="stmt"/>
        <line num="52" count="24" type="stmt"/>
        <line num="56" count="66" type="cond" truecount="5" falsecount="0"/>
        <line num="57" count="24" type="stmt"/>
        <line num="58" count="24" type="stmt"/>
        <line num="62" count="42" type="cond" truecount="7" falsecount="0"/>
        <line num="63" count="18" type="stmt"/>
        <line num="64" count="18" type="stmt"/>
        <line num="65" count="18" type="stmt"/>
        <line num="69" count="24" type="cond" truecount="3" falsecount="1"/>
        <line num="70" count="24" type="stmt"/>
        <line num="71" count="24" type="stmt"/>
        <line num="75" count="36" type="stmt"/>
        <line num="76" count="114" type="stmt"/>
        <line num="78" count="36" type="stmt"/>
        <line num="79" count="36" type="stmt"/>
        <line num="80" count="36" type="stmt"/>
        <line num="81" count="36" type="cond" truecount="1" falsecount="1"/>
        <line num="82" count="36" type="cond" truecount="2" falsecount="0"/>
        <line num="84" count="36" type="cond" truecount="1" falsecount="1"/>
        <line num="85" count="36" type="stmt"/>
        <line num="89" count="36" type="stmt"/>
        <line num="93" count="12" type="stmt"/>
        <line num="94" count="12" type="stmt"/>
        <line num="96" count="12" type="stmt"/>
        <line num="97" count="12" type="stmt"/>
        <line num="99" count="12" type="stmt"/>
        <line num="100" count="12" type="stmt"/>
        <line num="102" count="12" type="stmt"/>
        <line num="103" count="12" type="stmt"/>
        <line num="105" count="12" type="stmt"/>
        <line num="106" count="12" type="stmt"/>
        <line num="107" count="12" type="stmt"/>
        <line num="108" count="12" type="stmt"/>
      </file>
      <file name="parsers.js" path="/Users/user/Documents/frontend/проекты-хекслет/frontend-project-46/src/parsers.js">
        <metrics statements="4" coveredstatements="4" conditionals="0" coveredconditionals="0" methods="3" coveredmethods="3"/>
        <line num="3" count="1" type="stmt"/>
        <line num="5" count="12" type="stmt"/>
        <line num="8" count="6" type="stmt"/>
        <line num="11" count="6" type="stmt"/>
      </file>
    </package>
    <package name="src.formatters">
      <metrics statements="78" coveredstatements="76" conditionals="51" coveredconditionals="45" methods="8" coveredmethods="8"/>
      <file name="index.js" path="/Users/user/Documents/frontend/проекты-хекслет/frontend-project-46/src/formatters/index.js">
        <metrics statements="1" coveredstatements="1" conditionals="0" coveredconditionals="0" methods="0" coveredmethods="0"/>
        <line num="5" count="1" type="stmt"/>
      </file>
      <file name="json.js" path="/Users/user/Documents/frontend/проекты-хекслет/frontend-project-46/src/formatters/json.js">
        <metrics statements="1" coveredstatements="1" conditionals="0" coveredconditionals="0" methods="1" coveredmethods="1"/>
        <line num="2" count="4" type="stmt"/>
      </file>
      <file name="plain.js" path="/Users/user/Documents/frontend/проекты-хекслет/frontend-project-46/src/formatters/plain.js">
        <metrics statements="48" coveredstatements="48" conditionals="33" coveredconditionals="29" methods="5" coveredmethods="5"/>
        <line num="2" count="122" type="stmt"/>
        <line num="8" count="66" type="cond" truecount="4" falsecount="0"/>
        <line num="9" count="16" type="stmt"/>
        <line num="10" count="16" type="stmt"/>
        <line num="11" count="50" type="cond" truecount="6" falsecount="0"/>
        <line num="12" count="20" type="stmt"/>
        <line num="13" count="20" type="stmt"/>
        <line num="16" count="30" type="stmt"/>
        <line num="17" count="30" type="stmt"/>
        <line num="21" count="12" type="cond" truecount="2" falsecount="0"/>
        <line num="22" count="12" type="stmt"/>
        <line num="24" count="12" type="stmt"/>
        <line num="26" count="12" type="stmt"/>
        <line num="27" count="56" type="stmt"/>
        <line num="28" count="56" type="stmt"/>
        <line num="31" count="12" type="stmt"/>
        <line num="34" count="56" type="stmt"/>
        <line num="35" count="56" type="stmt"/>
        <line num="36" count="56" type="stmt"/>
        <line num="37" count="56" type="stmt"/>
        <line num="38" count="56" type="stmt"/>
        <line num="40" count="56" type="cond" truecount="2" falsecount="0"/>
        <line num="41" count="18" type="cond" truecount="2" falsecount="0"/>
        <line num="42" count="8" type="stmt"/>
        <line num="43" count="8" type="stmt"/>
        <line num="44" count="8" type="stmt"/>
        <line num="46" count="10" type="cond" truecount="1" falsecount="1"/>
        <line num="47" count="10" type="stmt"/>
        <line num="48" count="10" type="stmt"/>
        <line num="49" count="10" type="stmt"/>
        <line num="53" count="38" type="cond" truecount="2" falsecount="0"/>
        <line num="54" count="22" type="cond" truecount="2" falsecount="0"/>
        <line num="55" count="10" type="stmt"/>
        <line num="57" count="12" type="cond" truecount="2" falsecount="0"/>
        <line num="58" count="4" type="stmt"/>
        <line num="59" count="4" type="stmt"/>
        <line num="60" count="4" type="stmt"/>
        <line num="62" count="8" type="cond" truecount="1" falsecount="1"/>
        <line num="63" count="8" type="stmt"/>
        <line num="64" count="8" type="stmt"/>
        <line num="65" count="8" type="stmt"/>
        <line num="69" count="16" type="cond" truecount="1" falsecount="1"/>
        <line num="70" count="16" type="cond" truecount="2" falsecount="0"/>
        <line num="71" count="8" type="stmt"/>
        <line num="73" count="8" type="cond" truecount="1" falsecount="1"/>
        <line num="74" count="8" type="stmt"/>
        <line num="75" count="8" type="stmt"/>
        <line num="80" count="12" type="stmt"/>
      </file>
      <file name="stylish.js" path="/Users/user/Documents/frontend/проекты-хекслет/frontend-project-46/src/formatters/stylish.js">
        <metrics statements="28" coveredstatements="26" conditionals="18" coveredconditionals="16" methods="2" coveredmethods="2"/>
        <line num="2" count="4" type="stmt"/>
        <line num="3" count="4" type="stmt"/>
        <line num="4" count="4" type="stmt"/>
        <line num="5" count="4" type="stmt"/>
        <line num="6" count="4" type="stmt"/>
        <line num="7" count="4" type="stmt"/>
        <line num="11" count="4" type="stmt"/>
        <line num="12" count="4" type="stmt"/>
        <line num="14" count="4" type="stmt"/>
        <line num="16" count="104" type="stmt"/>
        <line num="18" count="104" type="cond" truecount="1" falsecount="1"/>
        <line num="19" count="0" type="stmt"/>
        <line num="22" count="104" type="stmt"/>
        <line num="24" count="104" type="cond" truecount="2" falsecount="0"/>
        <line num="26" count="104" type="cond" truecount="2" falsecount="0"/>
        <line num="28" count="104" type="cond" truecount="4" falsecount="0"/>
        <line num="29" count="4" type="stmt"/>
        <line num="32" count="100" type="cond" truecount="4" falsecount="0"/>
        <line num="33" count="40" type="stmt"/>
        <line num="36" count="100" type="stmt"/>
        <line num="38" count="100" type="cond" truecount="2" falsecount="0"/>
        <line num="39" count="26" type="stmt"/>
        <line num="41" count="74" type="stmt"/>
        <line num="44" count="100" type="stmt"/>
        <line num="46" count="100" type="cond" truecount="1" falsecount="1"/>
        <line num="47" count="0" type="stmt"/>
        <line num="50" count="100" type="stmt"/>
        <line num="53" count="4" type="stmt"/>
      </file>
    </package>
  </project>
</coverage>
