<?xml version="1.0" encoding="UTF-8"?>
<coverage generated="1686944622138" clover="3.2.0">
  <project timestamp="1686944622138" name="All files">
    <metrics statements="32" coveredstatements="32" conditionals="10" coveredconditionals="10" methods="6" coveredmethods="6" elements="48" coveredelements="48" complexity="0" loc="32" ncloc="32" packages="1" files="2" classes="2"/>
    <file name="index.js" path="/Users/user/Documents/frontend/проекты-хекслет/frontend-project-46/src/index.js">
      <metrics statements="28" coveredstatements="28" conditionals="10" coveredconditionals="10" methods="3" coveredmethods="3"/>
      <line num="8" count="2" type="stmt"/>
      <line num="10" count="2" type="stmt"/>
      <line num="11" count="2" type="stmt"/>
      <line num="13" count="2" type="stmt"/>
      <line num="14" count="2" type="stmt"/>
      <line num="16" count="2" type="stmt"/>
      <line num="17" count="2" type="stmt"/>
      <line num="19" count="2" type="stmt"/>
      <line num="20" count="2" type="stmt"/>
      <line num="22" count="2" type="stmt"/>
      <line num="23" count="2" type="stmt"/>
      <line num="25" count="2" type="stmt"/>
      <line num="26" count="2" type="stmt"/>
      <line num="28" count="2" type="stmt"/>
      <line num="29" count="8" type="stmt"/>
      <line num="30" count="8" type="stmt"/>
      <line num="32" count="8" type="cond" truecount="2" falsecount="0"/>
      <line num="33" count="4" type="stmt"/>
      <line num="36" count="8" type="cond" truecount="2" falsecount="0"/>
      <line num="37" count="2" type="stmt"/>
      <line num="40" count="8" type="cond" truecount="4" falsecount="0"/>
      <line num="41" count="2" type="stmt"/>
      <line num="45" count="2" type="stmt"/>
      <line num="46" count="6" type="stmt"/>
      <line num="47" count="6" type="stmt"/>
      <line num="49" count="6" type="cond" truecount="2" falsecount="0"/>
      <line num="50" count="2" type="stmt"/>
      <line num="54" count="2" type="stmt"/>
    </file>
    <file name="parsers.js" path="/Users/user/Documents/frontend/проекты-хекслет/frontend-project-46/src/parsers.js">
      <metrics statements="4" coveredstatements="4" conditionals="0" coveredconditionals="0" methods="3" coveredmethods="3"/>
      <line num="3" count="1" type="stmt"/>
      <line num="5" count="2" type="stmt"/>
      <line num="8" count="1" type="stmt"/>
      <line num="11" count="1" type="stmt"/>
    </file>
  </project>
</coverage>
