{"/Users/user/Documents/frontend/проекты-хекслет/frontend-project-46/src/index.js": {"path":"/Users/user/Documents/frontend/проекты-хекслет/frontend-project-46/src/index.js","statementMap":{"0":{"start":{"line":8,"column":15},"end":{"line":8,"column":17}},"1":{"start":{"line":10,"column":20},"end":{"line":10,"column":58}},"2":{"start":{"line":11,"column":20},"end":{"line":11,"column":58}},"3":{"start":{"line":13,"column":19},"end":{"line":13,"column":67}},"4":{"start":{"line":14,"column":19},"end":{"line":14,"column":67}},"5":{"start":{"line":16,"column":15},"end":{"line":16,"column":42}},"6":{"start":{"line":17,"column":15},"end":{"line":17,"column":42}},"7":{"start":{"line":19,"column":25},"end":{"line":19,"column":48}},"8":{"start":{"line":20,"column":25},"end":{"line":20,"column":48}},"9":{"start":{"line":22,"column":25},"end":{"line":22,"column":85}},"10":{"start":{"line":23,"column":25},"end":{"line":23,"column":85}},"11":{"start":{"line":25,"column":16},"end":{"line":25,"column":43}},"12":{"start":{"line":26,"column":16},"end":{"line":26,"column":43}},"13":{"start":{"line":28,"column":2},"end":{"line":43,"column":5}},"14":{"start":{"line":29,"column":19},"end":{"line":29,"column":38}},"15":{"start":{"line":30,"column":19},"end":{"line":30,"column":38}},"16":{"start":{"line":32,"column":4},"end":{"line":34,"column":5}},"17":{"start":{"line":33,"column":6},"end":{"line":33,"column":48}},"18":{"start":{"line":36,"column":4},"end":{"line":38,"column":5}},"19":{"start":{"line":37,"column":6},"end":{"line":37,"column":48}},"20":{"start":{"line":40,"column":4},"end":{"line":42,"column":5}},"21":{"start":{"line":41,"column":6},"end":{"line":41,"column":69}},"22":{"start":{"line":45,"column":2},"end":{"line":52,"column":5}},"23":{"start":{"line":46,"column":19},"end":{"line":46,"column":38}},"24":{"start":{"line":47,"column":19},"end":{"line":47,"column":38}},"25":{"start":{"line":49,"column":4},"end":{"line":51,"column":5}},"26":{"start":{"line":50,"column":6},"end":{"line":50,"column":48}},"27":{"start":{"line":54,"column":2},"end":{"line":55,"column":3}}},"fnMap":{"0":{"name":"genDiff","decl":{"start":{"line":7,"column":9},"end":{"line":7,"column":16}},"loc":{"start":{"line":7,"column":39},"end":{"line":56,"column":1}},"line":7},"1":{"name":"(anonymous_1)","decl":{"start":{"line":28,"column":16},"end":{"line":28,"column":17}},"loc":{"start":{"line":28,"column":25},"end":{"line":43,"column":3}},"line":28},"2":{"name":"(anonymous_2)","decl":{"start":{"line":45,"column":16},"end":{"line":45,"column":17}},"loc":{"start":{"line":45,"column":25},"end":{"line":52,"column":3}},"line":45}},"branchMap":{"0":{"loc":{"start":{"line":32,"column":4},"end":{"line":34,"column":5}},"type":"if","locations":[{"start":{"line":32,"column":4},"end":{"line":34,"column":5}},{"start":{},"end":{}}],"line":32},"1":{"loc":{"start":{"line":36,"column":4},"end":{"line":38,"column":5}},"type":"if","locations":[{"start":{"line":36,"column":4},"end":{"line":38,"column":5}},{"start":{},"end":{}}],"line":36},"2":{"loc":{"start":{"line":40,"column":4},"end":{"line":42,"column":5}},"type":"if","locations":[{"start":{"line":40,"column":4},"end":{"line":42,"column":5}},{"start":{},"end":{}}],"line":40},"3":{"loc":{"start":{"line":40,"column":8},"end":{"line":40,"column":35}},"type":"binary-expr","locations":[{"start":{"line":40,"column":8},"end":{"line":40,"column":25}},{"start":{"line":40,"column":29},"end":{"line":40,"column":35}}],"line":40},"4":{"loc":{"start":{"line":49,"column":4},"end":{"line":51,"column":5}},"type":"if","locations":[{"start":{"line":49,"column":4},"end":{"line":51,"column":5}},{"start":{},"end":{}}],"line":49}},"s":{"0":2,"1":2,"2":2,"3":2,"4":2,"5":2,"6":2,"7":2,"8":2,"9":2,"10":2,"11":2,"12":2,"13":2,"14":8,"15":8,"16":8,"17":4,"18":8,"19":2,"20":8,"21":2,"22":2,"23":6,"24":6,"25":6,"26":2,"27":2},"f":{"0":2,"1":8,"2":6},"b":{"0":[4,4],"1":[2,6],"2":[2,6],"3":[8,6],"4":[2,4]},"_coverageSchema":"1a1c01bbd47fc00a2c39e90264f33305004495a9","hash":"749341cecf0a858ae7ffa8b1350751e26e61069a"}
,"/Users/user/Documents/frontend/проекты-хекслет/frontend-project-46/src/parsers.js": {"path":"/Users/user/Documents/frontend/проекты-хекслет/frontend-project-46/src/parsers.js","statementMap":{"0":{"start":{"line":3,"column":16},"end":{"line":13,"column":1}},"1":{"start":{"line":5,"column":4},"end":{"line":5,"column":31}},"2":{"start":{"line":8,"column":4},"end":{"line":8,"column":30}},"3":{"start":{"line":11,"column":4},"end":{"line":11,"column":30}}},"fnMap":{"0":{"name":"(anonymous_0)","decl":{"start":{"line":4,"column":2},"end":{"line":4,"column":3}},"loc":{"start":{"line":4,"column":16},"end":{"line":6,"column":3}},"line":4},"1":{"name":"(anonymous_1)","decl":{"start":{"line":7,"column":2},"end":{"line":7,"column":3}},"loc":{"start":{"line":7,"column":16},"end":{"line":9,"column":3}},"line":7},"2":{"name":"(anonymous_2)","decl":{"start":{"line":10,"column":2},"end":{"line":10,"column":3}},"loc":{"start":{"line":10,"column":15},"end":{"line":12,"column":3}},"line":10}},"branchMap":{},"s":{"0":1,"1":2,"2":1,"3":1},"f":{"0":2,"1":1,"2":1},"b":{},"_coverageSchema":"1a1c01bbd47fc00a2c39e90264f33305004495a9","hash":"aaad10a241dadf37162a65a1952cc5c7ed850a0e"}
}
