{"/Users/user/Documents/frontend/проекты-хекслет/frontend-project-46/src/index.js": {"path":"/Users/user/Documents/frontend/проекты-хекслет/frontend-project-46/src/index.js","statementMap":{"0":{"start":{"line":8,"column":18},"end":{"line":8,"column":20}},"1":{"start":{"line":10,"column":2},"end":{"line":28,"column":7}},"2":{"start":{"line":12,"column":19},"end":{"line":12,"column":38}},"3":{"start":{"line":13,"column":19},"end":{"line":13,"column":38}},"4":{"start":{"line":14,"column":6},"end":{"line":16,"column":7}},"5":{"start":{"line":15,"column":8},"end":{"line":15,"column":17}},"6":{"start":{"line":17,"column":6},"end":{"line":19,"column":7}},"7":{"start":{"line":18,"column":8},"end":{"line":18,"column":18}},"8":{"start":{"line":20,"column":6},"end":{"line":20,"column":15}},"9":{"start":{"line":23,"column":6},"end":{"line":23,"column":31}},"10":{"start":{"line":24,"column":6},"end":{"line":27,"column":7}},"11":{"start":{"line":25,"column":27},"end":{"line":25,"column":55}},"12":{"start":{"line":26,"column":8},"end":{"line":26,"column":34}},"13":{"start":{"line":29,"column":2},"end":{"line":29,"column":17}},"14":{"start":{"line":33,"column":15},"end":{"line":33,"column":17}},"15":{"start":{"line":34,"column":16},"end":{"line":34,"column":34}},"16":{"start":{"line":36,"column":2},"end":{"line":73,"column":5}},"17":{"start":{"line":37,"column":19},"end":{"line":37,"column":29}},"18":{"start":{"line":38,"column":19},"end":{"line":38,"column":29}},"19":{"start":{"line":39,"column":17},"end":{"line":39,"column":69}},"20":{"start":{"line":40,"column":17},"end":{"line":40,"column":69}},"21":{"start":{"line":43,"column":4},"end":{"line":47,"column":5}},"22":{"start":{"line":44,"column":6},"end":{"line":44,"column":30}},"23":{"start":{"line":45,"column":6},"end":{"line":45,"column":30}},"24":{"start":{"line":46,"column":6},"end":{"line":46,"column":13}},"25":{"start":{"line":50,"column":4},"end":{"line":53,"column":5}},"26":{"start":{"line":51,"column":6},"end":{"line":51,"column":30}},"27":{"start":{"line":52,"column":6},"end":{"line":52,"column":13}},"28":{"start":{"line":56,"column":4},"end":{"line":59,"column":5}},"29":{"start":{"line":57,"column":6},"end":{"line":57,"column":23}},"30":{"start":{"line":58,"column":6},"end":{"line":58,"column":13}},"31":{"start":{"line":62,"column":4},"end":{"line":66,"column":5}},"32":{"start":{"line":63,"column":6},"end":{"line":63,"column":30}},"33":{"start":{"line":64,"column":6},"end":{"line":64,"column":30}},"34":{"start":{"line":65,"column":6},"end":{"line":65,"column":13}},"35":{"start":{"line":69,"column":4},"end":{"line":72,"column":5}},"36":{"start":{"line":70,"column":24},"end":{"line":70,"column":44}},"37":{"start":{"line":71,"column":6},"end":{"line":71,"column":28}},"38":{"start":{"line":75,"column":16},"end":{"line":75,"column":34}},"39":{"start":{"line":76,"column":22},"end":{"line":76,"column":65}},"40":{"start":{"line":76,"column":44},"end":{"line":76,"column":64}},"41":{"start":{"line":78,"column":2},"end":{"line":87,"column":5}},"42":{"start":{"line":79,"column":19},"end":{"line":79,"column":29}},"43":{"start":{"line":80,"column":19},"end":{"line":80,"column":29}},"44":{"start":{"line":81,"column":17},"end":{"line":81,"column":69}},"45":{"start":{"line":82,"column":17},"end":{"line":82,"column":69}},"46":{"start":{"line":84,"column":4},"end":{"line":86,"column":5}},"47":{"start":{"line":85,"column":6},"end":{"line":85,"column":30}},"48":{"start":{"line":89,"column":2},"end":{"line":89,"column":14}},"49":{"start":{"line":93,"column":20},"end":{"line":93,"column":58}},"50":{"start":{"line":94,"column":20},"end":{"line":94,"column":58}},"51":{"start":{"line":96,"column":19},"end":{"line":96,"column":67}},"52":{"start":{"line":97,"column":19},"end":{"line":97,"column":67}},"53":{"start":{"line":99,"column":15},"end":{"line":99,"column":42}},"54":{"start":{"line":100,"column":15},"end":{"line":100,"column":42}},"55":{"start":{"line":102,"column":25},"end":{"line":102,"column":48}},"56":{"start":{"line":103,"column":25},"end":{"line":103,"column":48}},"57":{"start":{"line":105,"column":15},"end":{"line":105,"column":55}},"58":{"start":{"line":106,"column":21},"end":{"line":106,"column":41}},"59":{"start":{"line":107,"column":24},"end":{"line":107,"column":57}},"60":{"start":{"line":108,"column":2},"end":{"line":108,"column":23}}},"fnMap":{"0":{"name":"sortCollection","decl":{"start":{"line":7,"column":9},"end":{"line":7,"column":23}},"loc":{"start":{"line":7,"column":30},"end":{"line":30,"column":1}},"line":7},"1":{"name":"(anonymous_1)","decl":{"start":{"line":11,"column":10},"end":{"line":11,"column":11}},"loc":{"start":{"line":11,"column":20},"end":{"line":21,"column":5}},"line":11},"2":{"name":"(anonymous_2)","decl":{"start":{"line":22,"column":13},"end":{"line":22,"column":14}},"loc":{"start":{"line":22,"column":22},"end":{"line":28,"column":5}},"line":22},"3":{"name":"calcDiff","decl":{"start":{"line":32,"column":9},"end":{"line":32,"column":17}},"loc":{"start":{"line":32,"column":32},"end":{"line":90,"column":1}},"line":32},"4":{"name":"(anonymous_4)","decl":{"start":{"line":36,"column":16},"end":{"line":36,"column":17}},"loc":{"start":{"line":36,"column":25},"end":{"line":73,"column":3}},"line":36},"5":{"name":"(anonymous_5)","decl":{"start":{"line":76,"column":35},"end":{"line":76,"column":36}},"loc":{"start":{"line":76,"column":44},"end":{"line":76,"column":64}},"line":76},"6":{"name":"(anonymous_6)","decl":{"start":{"line":78,"column":22},"end":{"line":78,"column":23}},"loc":{"start":{"line":78,"column":31},"end":{"line":87,"column":3}},"line":78},"7":{"name":"genDiff","decl":{"start":{"line":92,"column":9},"end":{"line":92,"column":16}},"loc":{"start":{"line":92,"column":62},"end":{"line":109,"column":1}},"line":92}},"branchMap":{"0":{"loc":{"start":{"line":14,"column":6},"end":{"line":16,"column":7}},"type":"if","locations":[{"start":{"line":14,"column":6},"end":{"line":16,"column":7}},{"start":{},"end":{}}],"line":14},"1":{"loc":{"start":{"line":17,"column":6},"end":{"line":19,"column":7}},"type":"if","locations":[{"start":{"line":17,"column":6},"end":{"line":19,"column":7}},{"start":{},"end":{}}],"line":17},"2":{"loc":{"start":{"line":24,"column":6},"end":{"line":27,"column":7}},"type":"if","locations":[{"start":{"line":24,"column":6},"end":{"line":27,"column":7}},{"start":{},"end":{}}],"line":24},"3":{"loc":{"start":{"line":24,"column":10},"end":{"line":24,"column":67}},"type":"binary-expr","locations":[{"start":{"line":24,"column":10},"end":{"line":24,"column":42}},{"start":{"line":24,"column":46},"end":{"line":24,"column":67}}],"line":24},"4":{"loc":{"start":{"line":39,"column":17},"end":{"line":39,"column":69}},"type":"cond-expr","locations":[{"start":{"line":39,"column":46},"end":{"line":39,"column":52}},{"start":{"line":39,"column":55},"end":{"line":39,"column":69}}],"line":39},"5":{"loc":{"start":{"line":40,"column":17},"end":{"line":40,"column":69}},"type":"cond-expr","locations":[{"start":{"line":40,"column":46},"end":{"line":40,"column":52}},{"start":{"line":40,"column":55},"end":{"line":40,"column":69}}],"line":40},"6":{"loc":{"start":{"line":43,"column":4},"end":{"line":47,"column":5}},"type":"if","locations":[{"start":{"line":43,"column":4},"end":{"line":47,"column":5}},{"start":{},"end":{}}],"line":43},"7":{"loc":{"start":{"line":43,"column":8},"end":{"line":43,"column":141}},"type":"binary-expr","locations":[{"start":{"line":43,"column":9},"end":{"line":43,"column":33}},{"start":{"line":43,"column":37},"end":{"line":43,"column":61}},{"start":{"line":43,"column":66},"end":{"line":43,"column":93}},{"start":{"line":43,"column":97},"end":{"line":43,"column":117}},{"start":{"line":43,"column":121},"end":{"line":43,"column":141}}],"line":43},"8":{"loc":{"start":{"line":50,"column":4},"end":{"line":53,"column":5}},"type":"if","locations":[{"start":{"line":50,"column":4},"end":{"line":53,"column":5}},{"start":{},"end":{}}],"line":50},"9":{"loc":{"start":{"line":50,"column":8},"end":{"line":50,"column":45}},"type":"binary-expr","locations":[{"start":{"line":50,"column":8},"end":{"line":50,"column":21}},{"start":{"line":50,"column":25},"end":{"line":50,"column":45}}],"line":50},"10":{"loc":{"start":{"line":56,"column":4},"end":{"line":59,"column":5}},"type":"if","locations":[{"start":{"line":56,"column":4},"end":{"line":59,"column":5}},{"start":{},"end":{}}],"line":56},"11":{"loc":{"start":{"line":56,"column":8},"end":{"line":56,"column":77}},"type":"binary-expr","locations":[{"start":{"line":56,"column":8},"end":{"line":56,"column":21}},{"start":{"line":56,"column":25},"end":{"line":56,"column":49}},{"start":{"line":56,"column":53},"end":{"line":56,"column":77}}],"line":56},"12":{"loc":{"start":{"line":62,"column":4},"end":{"line":66,"column":5}},"type":"if","locations":[{"start":{"line":62,"column":4},"end":{"line":66,"column":5}},{"start":{},"end":{}}],"line":62},"13":{"loc":{"start":{"line":62,"column":8},"end":{"line":62,"column":118}},"type":"binary-expr","locations":[{"start":{"line":62,"column":8},"end":{"line":62,"column":21}},{"start":{"line":62,"column":25},"end":{"line":62,"column":45}},{"start":{"line":62,"column":49},"end":{"line":62,"column":62}},{"start":{"line":62,"column":66},"end":{"line":62,"column":90}},{"start":{"line":62,"column":94},"end":{"line":62,"column":118}}],"line":62},"14":{"loc":{"start":{"line":69,"column":4},"end":{"line":72,"column":5}},"type":"if","locations":[{"start":{"line":69,"column":4},"end":{"line":72,"column":5}},{"start":{},"end":{}}],"line":69},"15":{"loc":{"start":{"line":69,"column":8},"end":{"line":69,"column":60}},"type":"binary-expr","locations":[{"start":{"line":69,"column":8},"end":{"line":69,"column":32}},{"start":{"line":69,"column":36},"end":{"line":69,"column":60}}],"line":69},"16":{"loc":{"start":{"line":81,"column":17},"end":{"line":81,"column":69}},"type":"cond-expr","locations":[{"start":{"line":81,"column":46},"end":{"line":81,"column":52}},{"start":{"line":81,"column":55},"end":{"line":81,"column":69}}],"line":81},"17":{"loc":{"start":{"line":82,"column":17},"end":{"line":82,"column":69}},"type":"cond-expr","locations":[{"start":{"line":82,"column":46},"end":{"line":82,"column":52}},{"start":{"line":82,"column":55},"end":{"line":82,"column":69}}],"line":82},"18":{"loc":{"start":{"line":84,"column":4},"end":{"line":86,"column":5}},"type":"if","locations":[{"start":{"line":84,"column":4},"end":{"line":86,"column":5}},{"start":{},"end":{}}],"line":84},"19":{"loc":{"start":{"line":92,"column":39},"end":{"line":92,"column":60}},"type":"default-arg","locations":[{"start":{"line":92,"column":51},"end":{"line":92,"column":60}}],"line":92}},"s":{"0":78,"1":78,"2":222,"3":222,"4":222,"5":120,"6":102,"7":72,"8":30,"9":222,"10":222,"11":66,"12":66,"13":78,"14":36,"15":36,"16":36,"17":102,"18":102,"19":102,"20":102,"21":102,"22":12,"23":12,"24":12,"25":90,"26":24,"27":24,"28":66,"29":24,"30":24,"31":42,"32":18,"33":18,"34":18,"35":24,"36":24,"37":24,"38":36,"39":36,"40":114,"41":36,"42":36,"43":36,"44":36,"45":36,"46":36,"47":36,"48":36,"49":12,"50":12,"51":12,"52":12,"53":12,"54":12,"55":12,"56":12,"57":12,"58":12,"59":12,"60":12},"f":{"0":78,"1":222,"2":222,"3":36,"4":102,"5":114,"6":36,"7":12},"b":{"0":[120,102],"1":[72,30],"2":[66,156],"3":[222,72],"4":[36,66],"5":[30,72],"6":[12,90],"7":[102,66,42,18,18],"8":[24,66],"9":[90,66],"10":[24,42],"11":[66,24,24],"12":[18,24],"13":[42,42,42,42,18],"14":[24,0],"15":[24,24],"16":[0,36],"17":[12,24],"18":[36,0],"19":[4]},"_coverageSchema":"1a1c01bbd47fc00a2c39e90264f33305004495a9","hash":"df30ad18621531168b699a804d5074ed1da29f73"}
,"/Users/user/Documents/frontend/проекты-хекслет/frontend-project-46/src/parsers.js": {"path":"/Users/user/Documents/frontend/проекты-хекслет/frontend-project-46/src/parsers.js","statementMap":{"0":{"start":{"line":3,"column":16},"end":{"line":13,"column":1}},"1":{"start":{"line":5,"column":4},"end":{"line":5,"column":31}},"2":{"start":{"line":8,"column":4},"end":{"line":8,"column":30}},"3":{"start":{"line":11,"column":4},"end":{"line":11,"column":30}}},"fnMap":{"0":{"name":"(anonymous_0)","decl":{"start":{"line":4,"column":2},"end":{"line":4,"column":3}},"loc":{"start":{"line":4,"column":16},"end":{"line":6,"column":3}},"line":4},"1":{"name":"(anonymous_1)","decl":{"start":{"line":7,"column":2},"end":{"line":7,"column":3}},"loc":{"start":{"line":7,"column":16},"end":{"line":9,"column":3}},"line":7},"2":{"name":"(anonymous_2)","decl":{"start":{"line":10,"column":2},"end":{"line":10,"column":3}},"loc":{"start":{"line":10,"column":15},"end":{"line":12,"column":3}},"line":10}},"branchMap":{},"s":{"0":1,"1":12,"2":6,"3":6},"f":{"0":12,"1":6,"2":6},"b":{},"_coverageSchema":"1a1c01bbd47fc00a2c39e90264f33305004495a9","hash":"aaad10a241dadf37162a65a1952cc5c7ed850a0e"}
,"/Users/user/Documents/frontend/проекты-хекслет/frontend-project-46/src/formatters/index.js": {"path":"/Users/user/Documents/frontend/проекты-хекслет/frontend-project-46/src/formatters/index.js","statementMap":{"0":{"start":{"line":5,"column":19},"end":{"line":9,"column":1}}},"fnMap":{},"branchMap":{},"s":{"0":1},"f":{},"b":{},"_coverageSchema":"1a1c01bbd47fc00a2c39e90264f33305004495a9","hash":"523ce1aa768a6884c7af703a9c5599bb55bbce09"}
,"/Users/user/Documents/frontend/проекты-хекслет/frontend-project-46/src/formatters/json.js": {"path":"/Users/user/Documents/frontend/проекты-хекслет/frontend-project-46/src/formatters/json.js","statementMap":{"0":{"start":{"line":2,"column":2},"end":{"line":2,"column":39}}},"fnMap":{"0":{"name":"json","decl":{"start":{"line":1,"column":9},"end":{"line":1,"column":13}},"loc":{"start":{"line":1,"column":20},"end":{"line":3,"column":1}},"line":1}},"branchMap":{},"s":{"0":4},"f":{"0":4},"b":{},"_coverageSchema":"1a1c01bbd47fc00a2c39e90264f33305004495a9","hash":"1907ad19882925f12b3704e7b38e7da84a70a1e5"}
,"/Users/user/Documents/frontend/проекты-хекслет/frontend-project-46/src/formatters/plain.js": {"path":"/Users/user/Documents/frontend/проекты-хекслет/frontend-project-46/src/formatters/plain.js","statementMap":{"0":{"start":{"line":2,"column":2},"end":{"line":2,"column":34}},"1":{"start":{"line":8,"column":2},"end":{"line":10,"column":3}},"2":{"start":{"line":9,"column":4},"end":{"line":9,"column":43}},"3":{"start":{"line":10,"column":4},"end":{"line":12,"column":3}},"4":{"start":{"line":11,"column":4},"end":{"line":11,"column":31}},"5":{"start":{"line":14,"column":2},"end":{"line":14,"column":36}},"6":{"start":{"line":18,"column":18},"end":{"line":18,"column":47}},"7":{"start":{"line":19,"column":17},"end":{"line":19,"column":19}},"8":{"start":{"line":21,"column":15},"end":{"line":21,"column":32}},"9":{"start":{"line":23,"column":26},"end":{"line":26,"column":4}},"10":{"start":{"line":24,"column":19},"end":{"line":24,"column":40}},"11":{"start":{"line":25,"column":4},"end":{"line":25,"column":18}},"12":{"start":{"line":28,"column":2},"end":{"line":75,"column":5}},"13":{"start":{"line":31,"column":25},"end":{"line":31,"column":48}},"14":{"start":{"line":32,"column":18},"end":{"line":32,"column":31}},"15":{"start":{"line":33,"column":24},"end":{"line":33,"column":48}},"16":{"start":{"line":34,"column":17},"end":{"line":34,"column":41}},"17":{"start":{"line":35,"column":26},"end":{"line":35,"column":41}},"18":{"start":{"line":37,"column":4},"end":{"line":48,"column":5}},"19":{"start":{"line":38,"column":6},"end":{"line":42,"column":7}},"20":{"start":{"line":39,"column":8},"end":{"line":39,"column":56}},"21":{"start":{"line":40,"column":8},"end":{"line":40,"column":25}},"22":{"start":{"line":41,"column":8},"end":{"line":41,"column":15}},"23":{"start":{"line":43,"column":6},"end":{"line":47,"column":7}},"24":{"start":{"line":44,"column":8},"end":{"line":44,"column":127}},"25":{"start":{"line":45,"column":8},"end":{"line":45,"column":25}},"26":{"start":{"line":46,"column":8},"end":{"line":46,"column":15}},"27":{"start":{"line":50,"column":4},"end":{"line":64,"column":5}},"28":{"start":{"line":51,"column":6},"end":{"line":53,"column":7}},"29":{"start":{"line":52,"column":8},"end":{"line":52,"column":15}},"30":{"start":{"line":54,"column":6},"end":{"line":58,"column":7}},"31":{"start":{"line":55,"column":8},"end":{"line":55,"column":81}},"32":{"start":{"line":56,"column":8},"end":{"line":56,"column":25}},"33":{"start":{"line":57,"column":8},"end":{"line":57,"column":15}},"34":{"start":{"line":59,"column":6},"end":{"line":63,"column":7}},"35":{"start":{"line":60,"column":8},"end":{"line":60,"column":81}},"36":{"start":{"line":61,"column":8},"end":{"line":61,"column":25}},"37":{"start":{"line":62,"column":8},"end":{"line":62,"column":15}},"38":{"start":{"line":66,"column":4},"end":{"line":74,"column":5}},"39":{"start":{"line":67,"column":6},"end":{"line":69,"column":7}},"40":{"start":{"line":68,"column":8},"end":{"line":68,"column":15}},"41":{"start":{"line":70,"column":6},"end":{"line":73,"column":7}},"42":{"start":{"line":71,"column":8},"end":{"line":71,"column":47}},"43":{"start":{"line":72,"column":8},"end":{"line":72,"column":25}},"44":{"start":{"line":77,"column":2},"end":{"line":77,"column":27}}},"fnMap":{"0":{"name":"isObject","decl":{"start":{"line":1,"column":9},"end":{"line":1,"column":17}},"loc":{"start":{"line":1,"column":24},"end":{"line":3,"column":1}},"line":1},"1":{"name":"getFormattedValue","decl":{"start":{"line":5,"column":9},"end":{"line":5,"column":26}},"loc":{"start":{"line":5,"column":34},"end":{"line":15,"column":1}},"line":5},"2":{"name":"plain","decl":{"start":{"line":17,"column":9},"end":{"line":17,"column":14}},"loc":{"start":{"line":17,"column":32},"end":{"line":78,"column":1}},"line":17},"3":{"name":"(anonymous_3)","decl":{"start":{"line":23,"column":35},"end":{"line":23,"column":36}},"loc":{"start":{"line":23,"column":44},"end":{"line":26,"column":3}},"line":23},"4":{"name":"(anonymous_4)","decl":{"start":{"line":28,"column":26},"end":{"line":28,"column":27}},"loc":{"start":{"line":28,"column":43},"end":{"line":75,"column":3}},"line":28}},"branchMap":{"0":{"loc":{"start":{"line":8,"column":2},"end":{"line":10,"column":3}},"type":"if","locations":[{"start":{"line":8,"column":2},"end":{"line":10,"column":3}},{"start":{},"end":{}}],"line":8},"1":{"loc":{"start":{"line":8,"column":6},"end":{"line":8,"column":39}},"type":"binary-expr","locations":[{"start":{"line":8,"column":6},"end":{"line":8,"column":21}},{"start":{"line":8,"column":25},"end":{"line":8,"column":39}}],"line":8},"2":{"loc":{"start":{"line":10,"column":4},"end":{"line":12,"column":3}},"type":"if","locations":[{"start":{"line":10,"column":4},"end":{"line":12,"column":3}},{"start":{},"end":{}}],"line":10},"3":{"loc":{"start":{"line":10,"column":8},"end":{"line":10,"column":80}},"type":"binary-expr","locations":[{"start":{"line":10,"column":8},"end":{"line":10,"column":25}},{"start":{"line":10,"column":29},"end":{"line":10,"column":45}},{"start":{"line":10,"column":49},"end":{"line":10,"column":63}},{"start":{"line":10,"column":67},"end":{"line":10,"column":80}}],"line":10},"4":{"loc":{"start":{"line":17,"column":21},"end":{"line":17,"column":30}},"type":"default-arg","locations":[{"start":{"line":17,"column":28},"end":{"line":17,"column":30}}],"line":17},"5":{"loc":{"start":{"line":18,"column":18},"end":{"line":18,"column":47}},"type":"cond-expr","locations":[{"start":{"line":18,"column":32},"end":{"line":18,"column":34}},{"start":{"line":18,"column":37},"end":{"line":18,"column":47}}],"line":18},"6":{"loc":{"start":{"line":37,"column":4},"end":{"line":48,"column":5}},"type":"if","locations":[{"start":{"line":37,"column":4},"end":{"line":48,"column":5}},{"start":{},"end":{}}],"line":37},"7":{"loc":{"start":{"line":38,"column":6},"end":{"line":42,"column":7}},"type":"if","locations":[{"start":{"line":38,"column":6},"end":{"line":42,"column":7}},{"start":{},"end":{}}],"line":38},"8":{"loc":{"start":{"line":43,"column":6},"end":{"line":47,"column":7}},"type":"if","locations":[{"start":{"line":43,"column":6},"end":{"line":47,"column":7}},{"start":{},"end":{}}],"line":43},"9":{"loc":{"start":{"line":50,"column":4},"end":{"line":64,"column":5}},"type":"if","locations":[{"start":{"line":50,"column":4},"end":{"line":64,"column":5}},{"start":{},"end":{}}],"line":50},"10":{"loc":{"start":{"line":51,"column":6},"end":{"line":53,"column":7}},"type":"if","locations":[{"start":{"line":51,"column":6},"end":{"line":53,"column":7}},{"start":{},"end":{}}],"line":51},"11":{"loc":{"start":{"line":54,"column":6},"end":{"line":58,"column":7}},"type":"if","locations":[{"start":{"line":54,"column":6},"end":{"line":58,"column":7}},{"start":{},"end":{}}],"line":54},"12":{"loc":{"start":{"line":59,"column":6},"end":{"line":63,"column":7}},"type":"if","locations":[{"start":{"line":59,"column":6},"end":{"line":63,"column":7}},{"start":{},"end":{}}],"line":59},"13":{"loc":{"start":{"line":66,"column":4},"end":{"line":74,"column":5}},"type":"if","locations":[{"start":{"line":66,"column":4},"end":{"line":74,"column":5}},{"start":{},"end":{}}],"line":66},"14":{"loc":{"start":{"line":67,"column":6},"end":{"line":69,"column":7}},"type":"if","locations":[{"start":{"line":67,"column":6},"end":{"line":69,"column":7}},{"start":{},"end":{}}],"line":67},"15":{"loc":{"start":{"line":70,"column":6},"end":{"line":73,"column":7}},"type":"if","locations":[{"start":{"line":70,"column":6},"end":{"line":73,"column":7}},{"start":{},"end":{}}],"line":70}},"s":{"0":122,"1":66,"2":16,"3":50,"4":20,"5":30,"6":12,"7":12,"8":12,"9":12,"10":56,"11":56,"12":12,"13":56,"14":56,"15":56,"16":56,"17":56,"18":56,"19":18,"20":8,"21":8,"22":8,"23":10,"24":10,"25":10,"26":10,"27":38,"28":22,"29":10,"30":12,"31":4,"32":4,"33":4,"34":8,"35":8,"36":8,"37":8,"38":16,"39":16,"40":8,"41":8,"42":8,"43":8,"44":12},"f":{"0":122,"1":66,"2":12,"3":56,"4":56},"b":{"0":[16,50],"1":[66,20],"2":[20,30],"3":[50,46,42,38],"4":[4],"5":[4,8],"6":[18,38],"7":[8,10],"8":[10,0],"9":[22,16],"10":[10,12],"11":[4,8],"12":[8,0],"13":[16,0],"14":[8,8],"15":[8,0]},"_coverageSchema":"1a1c01bbd47fc00a2c39e90264f33305004495a9","hash":"02779f026a3d778d58f0e142f7128739636d57b8"}
,"/Users/user/Documents/frontend/проекты-хекслет/frontend-project-46/src/formatters/stylish.js": {"path":"/Users/user/Documents/frontend/проекты-хекслет/frontend-project-46/src/formatters/stylish.js","statementMap":{"0":{"start":{"line":2,"column":29},"end":{"line":2,"column":30}},"1":{"start":{"line":3,"column":15},"end":{"line":3,"column":18}},"2":{"start":{"line":4,"column":22},"end":{"line":4,"column":25}},"3":{"start":{"line":5,"column":23},"end":{"line":5,"column":26}},"4":{"start":{"line":6,"column":27},"end":{"line":6,"column":28}},"5":{"start":{"line":7,"column":28},"end":{"line":7,"column":29}},"6":{"start":{"line":11,"column":15},"end":{"line":11,"column":44}},"7":{"start":{"line":12,"column":24},"end":{"line":12,"column":68}},"8":{"start":{"line":14,"column":18},"end":{"line":54,"column":4}},"9":{"start":{"line":15,"column":26},"end":{"line":15,"column":27}},"10":{"start":{"line":17,"column":20},"end":{"line":17,"column":34}},"11":{"start":{"line":19,"column":4},"end":{"line":23,"column":5}},"12":{"start":{"line":20,"column":6},"end":{"line":20,"column":62}},"13":{"start":{"line":20,"column":38},"end":{"line":20,"column":62}},"14":{"start":{"line":21,"column":6},"end":{"line":21,"column":64}},"15":{"start":{"line":21,"column":39},"end":{"line":21,"column":64}},"16":{"start":{"line":22,"column":6},"end":{"line":22,"column":18}},"17":{"start":{"line":25,"column":28},"end":{"line":25,"column":60}},"18":{"start":{"line":25,"column":50},"end":{"line":25,"column":59}},"19":{"start":{"line":27,"column":4},"end":{"line":30,"column":5}},"20":{"start":{"line":28,"column":20},"end":{"line":28,"column":48}},"21":{"start":{"line":29,"column":6},"end":{"line":29,"column":49}},"22":{"start":{"line":32,"column":4},"end":{"line":32,"column":71}},"23":{"start":{"line":32,"column":47},"end":{"line":32,"column":71}},"24":{"start":{"line":34,"column":4},"end":{"line":34,"column":73}},"25":{"start":{"line":34,"column":48},"end":{"line":34,"column":73}},"26":{"start":{"line":36,"column":4},"end":{"line":42,"column":5}},"27":{"start":{"line":37,"column":6},"end":{"line":37,"column":26}},"28":{"start":{"line":38,"column":21},"end":{"line":38,"column":49}},"29":{"start":{"line":39,"column":21},"end":{"line":39,"column":49}},"30":{"start":{"line":40,"column":20},"end":{"line":40,"column":49}},"31":{"start":{"line":41,"column":6},"end":{"line":41,"column":49}},"32":{"start":{"line":44,"column":4},"end":{"line":44,"column":53}},"33":{"start":{"line":46,"column":4},"end":{"line":50,"column":5}},"34":{"start":{"line":47,"column":6},"end":{"line":47,"column":85}},"35":{"start":{"line":49,"column":6},"end":{"line":49,"column":79}},"36":{"start":{"line":52,"column":4},"end":{"line":52,"column":42}},"37":{"start":{"line":53,"column":4},"end":{"line":53,"column":36}},"38":{"start":{"line":56,"column":2},"end":{"line":56,"column":28}}},"fnMap":{"0":{"name":"stylish","decl":{"start":{"line":1,"column":9},"end":{"line":1,"column":16}},"loc":{"start":{"line":1,"column":23},"end":{"line":57,"column":1}},"line":1},"1":{"name":"(anonymous_1)","decl":{"start":{"line":14,"column":48},"end":{"line":14,"column":49}},"loc":{"start":{"line":14,"column":58},"end":{"line":54,"column":3}},"line":14},"2":{"name":"(anonymous_2)","decl":{"start":{"line":25,"column":43},"end":{"line":25,"column":44}},"loc":{"start":{"line":25,"column":50},"end":{"line":25,"column":59}},"line":25}},"branchMap":{"0":{"loc":{"start":{"line":19,"column":4},"end":{"line":23,"column":5}},"type":"if","locations":[{"start":{"line":19,"column":4},"end":{"line":23,"column":5}},{"start":{},"end":{}}],"line":19},"1":{"loc":{"start":{"line":20,"column":6},"end":{"line":20,"column":62}},"type":"if","locations":[{"start":{"line":20,"column":6},"end":{"line":20,"column":62}},{"start":{},"end":{}}],"line":20},"2":{"loc":{"start":{"line":21,"column":6},"end":{"line":21,"column":64}},"type":"if","locations":[{"start":{"line":21,"column":6},"end":{"line":21,"column":64}},{"start":{},"end":{}}],"line":21},"3":{"loc":{"start":{"line":27,"column":4},"end":{"line":30,"column":5}},"type":"if","locations":[{"start":{"line":27,"column":4},"end":{"line":30,"column":5}},{"start":{},"end":{}}],"line":27},"4":{"loc":{"start":{"line":32,"column":4},"end":{"line":32,"column":71}},"type":"if","locations":[{"start":{"line":32,"column":4},"end":{"line":32,"column":71}},{"start":{},"end":{}}],"line":32},"5":{"loc":{"start":{"line":34,"column":4},"end":{"line":34,"column":73}},"type":"if","locations":[{"start":{"line":34,"column":4},"end":{"line":34,"column":73}},{"start":{},"end":{}}],"line":34},"6":{"loc":{"start":{"line":36,"column":4},"end":{"line":42,"column":5}},"type":"if","locations":[{"start":{"line":36,"column":4},"end":{"line":42,"column":5}},{"start":{},"end":{}}],"line":36},"7":{"loc":{"start":{"line":36,"column":8},"end":{"line":36,"column":70}},"type":"binary-expr","locations":[{"start":{"line":36,"column":8},"end":{"line":36,"column":37}},{"start":{"line":36,"column":41},"end":{"line":36,"column":70}}],"line":36},"8":{"loc":{"start":{"line":40,"column":20},"end":{"line":40,"column":49}},"type":"cond-expr","locations":[{"start":{"line":40,"column":34},"end":{"line":40,"column":40}},{"start":{"line":40,"column":43},"end":{"line":40,"column":49}}],"line":40},"9":{"loc":{"start":{"line":46,"column":4},"end":{"line":50,"column":5}},"type":"if","locations":[{"start":{"line":46,"column":4},"end":{"line":50,"column":5}},{"start":{"line":48,"column":11},"end":{"line":50,"column":5}}],"line":46}},"s":{"0":4,"1":4,"2":4,"3":4,"4":4,"5":4,"6":4,"7":4,"8":4,"9":104,"10":104,"11":104,"12":8,"13":4,"14":8,"15":4,"16":8,"17":96,"18":1276,"19":96,"20":74,"21":74,"22":96,"23":22,"24":96,"25":22,"26":96,"27":40,"28":40,"29":40,"30":40,"31":40,"32":96,"33":96,"34":22,"35":74,"36":96,"37":96,"38":4},"f":{"0":4,"1":104,"2":1276},"b":{"0":[8,96],"1":[4,4],"2":[4,4],"3":[74,22],"4":[22,74],"5":[22,74],"6":[40,56],"7":[96,74],"8":[22,18],"9":[22,74]},"_coverageSchema":"1a1c01bbd47fc00a2c39e90264f33305004495a9","hash":"2f66266cd896079c34b61c572c08ee9c72cf6f45"}
}
