TN:
SF:src/index.js
FN:7,sortCollection
FN:11,(anonymous_1)
FN:22,(anonymous_2)
FN:32,calcDiff
FN:36,(anonymous_4)
FN:76,(anonymous_5)
FN:78,(anonymous_6)
FN:92,genDiff
FNF:8
FNH:8
FNDA:78,sortCollection
FNDA:222,(anonymous_1)
FNDA:222,(anonymous_2)
FNDA:36,calcDiff
FNDA:102,(anonymous_4)
FNDA:114,(anonymous_5)
FNDA:36,(anonymous_6)
FNDA:12,genDiff
DA:8,78
DA:10,78
DA:12,222
DA:13,222
DA:14,222
DA:15,120
DA:17,102
DA:18,72
DA:20,30
DA:23,222
DA:24,222
DA:25,66
DA:26,66
DA:29,78
DA:33,36
DA:34,36
DA:36,36
DA:37,102
DA:38,102
DA:39,102
DA:40,102
DA:43,102
DA:44,12
DA:45,12
DA:46,12
DA:50,90
DA:51,24
DA:52,24
DA:56,66
DA:57,24
DA:58,24
DA:62,42
DA:63,18
DA:64,18
DA:65,18
DA:69,24
DA:70,24
DA:71,24
DA:75,36
DA:76,114
DA:78,36
DA:79,36
DA:80,36
DA:81,36
DA:82,36
DA:84,36
DA:85,36
DA:89,36
DA:93,12
DA:94,12
DA:96,12
DA:97,12
DA:99,12
DA:100,12
DA:102,12
DA:103,12
DA:105,12
DA:106,12
DA:107,12
DA:108,12
LF:60
LH:60
BRDA:14,0,0,120
BRDA:14,0,1,102
BRDA:17,1,0,72
BRDA:17,1,1,30
BRDA:24,2,0,66
BRDA:24,2,1,156
BRDA:24,3,0,222
BRDA:24,3,1,72
BRDA:39,4,0,36
BRDA:39,4,1,66
BRDA:40,5,0,30
BRDA:40,5,1,72
BRDA:43,6,0,12
BRDA:43,6,1,90
BRDA:43,7,0,102
BRDA:43,7,1,66
BRDA:43,7,2,42
BRDA:43,7,3,18
BRDA:43,7,4,18
BRDA:50,8,0,24
BRDA:50,8,1,66
BRDA:50,9,0,90
BRDA:50,9,1,66
BRDA:56,10,0,24
BRDA:56,10,1,42
BRDA:56,11,0,66
BRDA:56,11,1,24
BRDA:56,11,2,24
BRDA:62,12,0,18
BRDA:62,12,1,24
BRDA:62,13,0,42
BRDA:62,13,1,42
BRDA:62,13,2,42
BRDA:62,13,3,42
BRDA:62,13,4,18
BRDA:69,14,0,24
BRDA:69,14,1,0
BRDA:69,15,0,24
BRDA:69,15,1,24
BRDA:81,16,0,0
BRDA:81,16,1,36
BRDA:82,17,0,12
BRDA:82,17,1,24
BRDA:84,18,0,36
BRDA:84,18,1,0
BRDA:92,19,0,4
BRF:46
BRH:43
end_of_record
TN:
SF:src/parsers.js
FN:4,(anonymous_0)
FN:7,(anonymous_1)
FN:10,(anonymous_2)
FNF:3
FNH:3
FNDA:12,(anonymous_0)
FNDA:6,(anonymous_1)
FNDA:6,(anonymous_2)
DA:3,1
DA:5,12
DA:8,6
DA:11,6
LF:4
LH:4
BRF:0
BRH:0
end_of_record
TN:
SF:src/formatters/index.js
FNF:0
FNH:0
DA:5,1
LF:1
LH:1
BRF:0
BRH:0
end_of_record
TN:
SF:src/formatters/json.js
FN:1,json
FNF:1
FNH:1
FNDA:4,json
DA:2,4
LF:1
LH:1
BRF:0
BRH:0
end_of_record
TN:
SF:src/formatters/plain.js
FN:1,isObject
FN:5,getFormattedValue
FN:17,plain
FN:23,(anonymous_3)
FN:28,(anonymous_4)
FNF:5
FNH:5
FNDA:122,isObject
FNDA:66,getFormattedValue
FNDA:12,plain
FNDA:56,(anonymous_3)
FNDA:56,(anonymous_4)
DA:2,122
DA:8,66
DA:9,16
DA:10,50
DA:11,20
DA:14,30
DA:18,12
DA:19,12
DA:21,12
DA:23,12
DA:24,56
DA:25,56
DA:28,12
DA:31,56
DA:32,56
DA:33,56
DA:34,56
DA:35,56
DA:37,56
DA:38,18
DA:39,8
DA:40,8
DA:41,8
DA:43,10
DA:44,10
DA:45,10
DA:46,10
DA:50,38
DA:51,22
DA:52,10
DA:54,12
DA:55,4
DA:56,4
DA:57,4
DA:59,8
DA:60,8
DA:61,8
DA:62,8
DA:66,16
DA:67,16
DA:68,8
DA:70,8
DA:71,8
DA:72,8
DA:77,12
LF:45
LH:45
BRDA:8,0,0,16
BRDA:8,0,1,50
BRDA:8,1,0,66
BRDA:8,1,1,20
BRDA:10,2,0,20
BRDA:10,2,1,30
BRDA:10,3,0,50
BRDA:10,3,1,46
BRDA:10,3,2,42
BRDA:10,3,3,38
BRDA:17,4,0,4
BRDA:18,5,0,4
BRDA:18,5,1,8
BRDA:37,6,0,18
BRDA:37,6,1,38
BRDA:38,7,0,8
BRDA:38,7,1,10
BRDA:43,8,0,10
BRDA:43,8,1,0
BRDA:50,9,0,22
BRDA:50,9,1,16
BRDA:51,10,0,10
BRDA:51,10,1,12
BRDA:54,11,0,4
BRDA:54,11,1,8
BRDA:59,12,0,8
BRDA:59,12,1,0
BRDA:66,13,0,16
BRDA:66,13,1,0
BRDA:67,14,0,8
BRDA:67,14,1,8
BRDA:70,15,0,8
BRDA:70,15,1,0
BRF:33
BRH:29
end_of_record
TN:
SF:src/formatters/stylish.js
FN:1,stylish
FN:14,(anonymous_1)
FN:25,(anonymous_2)
FNF:3
FNH:3
FNDA:4,stylish
FNDA:104,(anonymous_1)
FNDA:1276,(anonymous_2)
DA:2,4
DA:3,4
DA:4,4
DA:5,4
DA:6,4
DA:7,4
DA:11,4
DA:12,4
DA:14,4
DA:15,104
DA:17,104
DA:19,104
DA:20,8
DA:21,8
DA:22,8
DA:25,1276
DA:27,96
DA:28,74
DA:29,74
DA:32,96
DA:34,96
DA:36,96
DA:37,40
DA:38,40
DA:39,40
DA:40,40
DA:41,40
DA:44,96
DA:46,96
DA:47,22
DA:49,74
DA:52,96
DA:53,96
DA:56,4
LF:34
LH:34
BRDA:19,0,0,8
BRDA:19,0,1,96
BRDA:20,1,0,4
BRDA:20,1,1,4
BRDA:21,2,0,4
BRDA:21,2,1,4
BRDA:27,3,0,74
BRDA:27,3,1,22
BRDA:32,4,0,22
BRDA:32,4,1,74
BRDA:34,5,0,22
BRDA:34,5,1,74
BRDA:36,6,0,40
BRDA:36,6,1,56
BRDA:36,7,0,96
BRDA:36,7,1,74
BRDA:40,8,0,22
BRDA:40,8,1,18
BRDA:46,9,0,22
BRDA:46,9,1,74
BRF:20
BRH:20
end_of_record
