TN:
SF:src/index.js
FN:7,sortCollection
FN:11,(anonymous_1)
FN:22,(anonymous_2)
FN:32,calcDiff
FN:36,(anonymous_4)
FN:76,(anonymous_5)
FN:78,(anonymous_6)
FN:92,genDiff
FNF:8
FNH:8
FNDA:78,sortCollection
FNDA:222,(anonymous_1)
FNDA:222,(anonymous_2)
FNDA:36,calcDiff
FNDA:102,(anonymous_4)
FNDA:114,(anonymous_5)
FNDA:36,(anonymous_6)
FNDA:12,genDiff
DA:8,78
DA:10,78
DA:12,222
DA:13,222
DA:14,222
DA:15,120
DA:17,102
DA:18,72
DA:20,30
DA:23,222
DA:24,222
DA:25,66
DA:26,66
DA:29,78
DA:33,36
DA:34,36
DA:36,36
DA:37,102
DA:38,102
DA:39,102
DA:40,102
DA:43,102
DA:44,12
DA:45,12
DA:46,12
DA:50,90
DA:51,24
DA:52,24
DA:56,66
DA:57,24
DA:58,24
DA:62,42
DA:63,18
DA:64,18
DA:65,18
DA:69,24
DA:70,24
DA:71,24
DA:75,36
DA:76,114
DA:78,36
DA:79,36
DA:80,36
DA:81,36
DA:82,36
DA:84,36
DA:85,36
DA:89,36
DA:93,12
DA:94,12
DA:96,12
DA:97,12
DA:99,12
DA:100,12
DA:102,12
DA:103,12
DA:105,12
DA:106,12
DA:107,12
DA:108,12
LF:60
LH:60
BRDA:14,0,0,120
BRDA:14,0,1,102
BRDA:17,1,0,72
BRDA:17,1,1,30
BRDA:24,2,0,66
BRDA:24,2,1,156
BRDA:24,3,0,222
BRDA:24,3,1,72
BRDA:39,4,0,36
BRDA:39,4,1,66
BRDA:40,5,0,30
BRDA:40,5,1,72
BRDA:43,6,0,12
BRDA:43,6,1,90
BRDA:43,7,0,102
BRDA:43,7,1,66
BRDA:43,7,2,42
BRDA:43,7,3,18
BRDA:43,7,4,18
BRDA:50,8,0,24
BRDA:50,8,1,66
BRDA:50,9,0,90
BRDA:50,9,1,66
BRDA:56,10,0,24
BRDA:56,10,1,42
BRDA:56,11,0,66
BRDA:56,11,1,24
BRDA:56,11,2,24
BRDA:62,12,0,18
BRDA:62,12,1,24
BRDA:62,13,0,42
BRDA:62,13,1,42
BRDA:62,13,2,42
BRDA:62,13,3,42
BRDA:62,13,4,18
BRDA:69,14,0,24
BRDA:69,14,1,0
BRDA:69,15,0,24
BRDA:69,15,1,24
BRDA:81,16,0,0
BRDA:81,16,1,36
BRDA:82,17,0,12
BRDA:82,17,1,24
BRDA:84,18,0,36
BRDA:84,18,1,0
BRDA:92,19,0,4
BRF:46
BRH:43
end_of_record
TN:
SF:src/parsers.js
FN:4,(anonymous_0)
FN:7,(anonymous_1)
FN:10,(anonymous_2)
FNF:3
FNH:3
FNDA:12,(anonymous_0)
FNDA:6,(anonymous_1)
FNDA:6,(anonymous_2)
DA:3,1
DA:5,12
DA:8,6
DA:11,6
LF:4
LH:4
BRF:0
BRH:0
end_of_record
TN:
SF:src/formatters/index.js
FNF:0
FNH:0
DA:5,1
LF:1
LH:1
BRF:0
BRH:0
end_of_record
TN:
SF:src/formatters/json.js
FN:1,json
FNF:1
FNH:1
FNDA:4,json
DA:2,4
LF:1
LH:1
BRF:0
BRH:0
end_of_record
TN:
SF:src/formatters/plain.js
FN:1,isObject
FN:5,getFormattedValue
FN:20,plain
FN:26,(anonymous_3)
FN:31,(anonymous_4)
FNF:5
FNH:5
FNDA:122,isObject
FNDA:66,getFormattedValue
FNDA:12,plain
FNDA:56,(anonymous_3)
FNDA:56,(anonymous_4)
DA:2,122
DA:8,66
DA:9,16
DA:10,16
DA:11,50
DA:12,20
DA:13,20
DA:16,30
DA:17,30
DA:21,12
DA:22,12
DA:24,12
DA:26,12
DA:27,56
DA:28,56
DA:31,12
DA:34,56
DA:35,56
DA:36,56
DA:37,56
DA:38,56
DA:40,56
DA:41,18
DA:42,8
DA:43,8
DA:44,8
DA:46,10
DA:47,10
DA:48,10
DA:49,10
DA:53,38
DA:54,22
DA:55,10
DA:57,12
DA:58,4
DA:59,4
DA:60,4
DA:62,8
DA:63,8
DA:64,8
DA:65,8
DA:69,16
DA:70,16
DA:71,8
DA:73,8
DA:74,8
DA:75,8
DA:80,12
LF:48
LH:48
BRDA:8,0,0,16
BRDA:8,0,1,50
BRDA:8,1,0,66
BRDA:8,1,1,20
BRDA:11,2,0,20
BRDA:11,2,1,30
BRDA:11,3,0,50
BRDA:11,3,1,46
BRDA:11,3,2,42
BRDA:11,3,3,38
BRDA:20,4,0,4
BRDA:21,5,0,4
BRDA:21,5,1,8
BRDA:40,6,0,18
BRDA:40,6,1,38
BRDA:41,7,0,8
BRDA:41,7,1,10
BRDA:46,8,0,10
BRDA:46,8,1,0
BRDA:53,9,0,22
BRDA:53,9,1,16
BRDA:54,10,0,10
BRDA:54,10,1,12
BRDA:57,11,0,4
BRDA:57,11,1,8
BRDA:62,12,0,8
BRDA:62,12,1,0
BRDA:69,13,0,16
BRDA:69,13,1,0
BRDA:70,14,0,8
BRDA:70,14,1,8
BRDA:73,15,0,8
BRDA:73,15,1,0
BRF:33
BRH:29
end_of_record
TN:
SF:src/formatters/stylish.js
FN:1,stylish
FN:14,(anonymous_1)
FNF:2
FNH:2
FNDA:4,stylish
FNDA:104,(anonymous_1)
DA:2,4
DA:3,4
DA:4,4
DA:5,4
DA:6,4
DA:7,4
DA:11,4
DA:12,4
DA:14,4
DA:16,104
DA:18,104
DA:19,0
DA:22,104
DA:24,104
DA:26,104
DA:28,104
DA:29,4
DA:32,100
DA:33,40
DA:36,100
DA:38,100
DA:39,26
DA:41,74
DA:44,100
DA:46,100
DA:47,0
DA:50,100
DA:53,4
LF:28
LH:26
BRDA:18,0,0,0
BRDA:18,0,1,104
BRDA:24,1,0,26
BRDA:24,1,1,78
BRDA:26,2,0,26
BRDA:26,2,1,78
BRDA:28,3,0,4
BRDA:28,3,1,100
BRDA:28,4,0,104
BRDA:28,4,1,30
BRDA:32,5,0,40
BRDA:32,5,1,60
BRDA:32,6,0,100
BRDA:32,6,1,78
BRDA:38,7,0,26
BRDA:38,7,1,74
BRDA:46,8,0,0
BRDA:46,8,1,100
BRF:18
BRH:16
end_of_record
